<?xml version="1.0" encoding="UTF-8"?>
<testng-results ignored="0" total="1" passed="1" failed="0" skipped="0">
  <reporter-output>
  </reporter-output>
  <suite started-at="2020-01-23T22:36:49 CST" name="Default suite" finished-at="2020-01-23T22:36:53 CST" duration-ms="3202">
    <groups>
    </groups>
    <test started-at="2020-01-23T22:36:49 CST" name="Default test" finished-at="2020-01-23T22:36:53 CST" duration-ms="3202">
      <class name="com.practice.XLReading">
        <test-method signature="read()[pri:0, instance:com.practice.XLReading@5c671d7f]" started-at="2020-01-23T22:36:50 CST" name="read" finished-at="2020-01-23T22:36:53 CST" duration-ms="3029" status="PASS">
          <reporter-output>
          </reporter-output>
        </test-method> <!-- read -->
      </class> <!-- com.practice.XLReading -->
    </test> <!-- Default test -->
  </suite> <!-- Default suite -->
</testng-results>
