<?xml version="1.0" encoding="UTF-8"?>
<testng-results ignored="0" total="0" passed="0" failed="0" skipped="0">
  <reporter-output>
  </reporter-output>
  <suite started-at="2020-01-29T19:49:01 CST" name="Regression Suite" finished-at="2020-01-29T19:49:01 CST" duration-ms="56">
    <groups>
    </groups>
    <test started-at="2020-01-29T19:49:01 CST" name="Regression Test" finished-at="2020-01-29T19:49:01 CST" duration-ms="56">
    </test> <!-- Regression Test -->
  </suite> <!-- Regression Suite -->
</testng-results>
